1721237800784:help
1721237803082:clear
1721237808154:cl
1721237810564:version
1721237813675:script
1721237815532:version
1721238232018:hi
1721239008649:hi -n
1721239012491:hi -n görkem
1721239088010:hi
1721239090513:hi -n a
1721239094537:hi -n aaa
1721239097025:hi -n aa
1721240156462:Hİ
1721240158826:hi -n a
1721240192352:hi -n aa
1721240340554:hi
1721240342647:hi -n aaa
1721240344200:hi -n aa
1721241084412:hi
1721241097423:hi -n görkem -s bedel
1721251371053:gorkem
1721251371993:hi
1721251393495:stacktrace
1721251739952:hi
1721251794073:hi -n görkem
1721251799994:hi -n görkem -s bedel
1721251870068:help
1721251875878:stacktrace
1721251885072:hi -n görkem -s bedel
1721251886855:stacktrace
1721251897857:history
1721251914908:stacktrace
1721251964909:hi
1721251967917:hi -n görkem
1721251974343:hi -name görkem -surname bedel
1721251988632:hi -n görkem -s bedel
1721252055651:stacktrace
1721252149055:hi -n görkem -surname aaa
1721252165488:hi -name görkem -surname aaa
1721252266561:hi -n görkem -s bedel
1721252286813:hi -name görkem -surname bedel
1721252388445:hi --name görkem --surname bedel
1721257277266:pharmacy
1721257284909:pharmacy -c Ankara -d Çankaya
1721257624957:pharmacy
1721257629916:pharmacy -c ankara
1721257642935:pharmacy -ankara -çubuk
1721257656130:pharmacy -c Ankara -d cubuk
1721257663745:pharmacy -c Ankara
1721257777301:pharmacy -c istanbul
1721257786109:pharmacy -c izmir
1721259962171:pharmacy -c ankara -d cankaya
1721259976434:pharmacy -c ankara
1721260006418:pharmacy -c ankara -d çankaya
